
Jan 16 11:31 [J_jan15[*,1024:1028]]: J
    center      cont      flux       eqw      core     gfwhm     lfwhm
  1026.036 -8.571281   7727.61     INDEF   6779.92     1.071        0.

Jan 16 11:35 [J_jan15[*,1024:1028]]: J
  1026.037   13.0272   7661.74    -588.1   6771.21     1.063        0.

Jan 17 12:35 [H_jan15[*,1024:1028]]: H
    center      cont      flux       eqw      core     gfwhm     lfwhm
  829.8208 -3.062747   3894.34     INDEF   2966.77     1.233        0.

Jan 17 12:37 [H_jan15[*,1024:1028]]: H
  1297.378  2.376389   660.092    -277.8   522.071     1.188        0.

Jan 17 12:41 [H_jan15[*,1024:1028]]: H
  1882.036 0.8969431   5394.18    -6014.   4667.85     1.086        0.

Jan 17 12:45 [H_jan15[*,1024:1028]]: H
   873.645    7.6531   505.941    -66.11   382.465     1.243        0.
  1297.379  4.074055   654.266    -160.6   523.872     1.173        0.

Jan 17 12:52 [../calib/neon_H.msdc]: zig_zag_centered_0.7.sh
  372.7992  344.7723   128099.    -371.5   46561.5     2.585        0.

Jan 17 13:01 [K_jan15[*,1025:1029]]: K
  972.3641  11.08112   1251.03    -112.9   967.918     1.214        0.

Jan 17 13:05 [K_jan15[*,1027]]: K
  1476.918  12.08784   564.094    -46.67   465.646     1.138        0.

Jan 17 21:37 [Y_jan15[*,1027]]: Y
  1122.135  27.00144   8879.92    -328.9   9496.42    0.8784        0.

Jan 18 14:54 [J_jan15[*,1027]]: J
    center      cont      flux       eqw      core     gfwhm     lfwhm
  1063.236 -5.202686   3752.54     INDEF   3300.05     1.068        0.

Feb  3  9:41 [rot_1033[*,1037]]: H
    center      cont      flux       eqw      core     gfwhm     lfwhm
  488.9169 -4.800959   10200.2     INDEF   7396.74     1.295        0.

Feb  3  9:43 [rot_1033[*,1036:1038]]: H
  1042.106 -22.33103    23886.     INDEF   18719.2     1.199        0.

Feb  3  9:51 [Y_jan15[*,1026:1028]]: Y
  1425.198  16.97524   4250.62    -250.4   4381.32    0.9114        0.
  1468.087  32.43493     5836.    -179.9    5784.5    0.9478        0.
