     9660.42  1.0
     9787.18  1.0
     9954.61  1.0
      10032.4  1.0
      10054.9  1.0
      10071.8  1.0
      10166.2  1.0
      10256.8  1.0
      10312.0  1.0
      10335.6  1.0
      10472.9  1.0
      10481.0  1.0
      10676.5  1.0
      10684.7  1.0
      10686.3  1.0
      10703.9  1.0
      10715.7  1.0
      10736.8  1.0
      10762.1  1.0
      10776.3  1.0
      10864.0  1.0
      10883.9  1.0
      10895.3  1.0
      10953.7  1.0
      10953.7  1.0
      11081.9  1.0
      11109.5  1.0
      11396.8  1.0
      11445.0  1.0
      11470.7  1.0
      11491.3  1.0
      11690.8  1.0
      11722.7  1.0
      11736.5  1.0
      11887.7  1.0
      11899.9  1.0
      11946.8  1.0
      12115.5  1.0
      12143.1  1.0
      12154.9  1.0
      12347.1  1.0
      12360.2  1.0
      12406.3  1.0
      12442.6  1.0
      12459.5  1.0
      12491.0  1.0
      12557.9  1.0
      12705.9  1.0
      12737.1  1.0
      12737.1  1.0
      12749.8  1.0
      12749.8  1.0
      12806.2  1.0
      12806.2  1.0
      12936.9  1.0
      12960.1  1.0
      13012.0  1.0
      13232.1  1.0
      13235.0  1.0
      13276.7  1.0
      13306.0  1.0
      13334.0  1.0
      13410.2  1.0
      13502.9  1.0
      13507.7  1.0
      13577.3  1.0
      13602.9  1.0
      13829.8  1.0
      13832.6  1.0
      13911.2  1.0
      13914.6  1.0
      14261.4  1.0
      14600.3  1.0
      14638.1  1.0
      14654.0  1.0
      14743.1  1.0
      15034.8  1.0
      15050.5  1.0
      15176.5  1.0
      15306.4  1.0
      15333.8  1.0
      15353.7  1.0
      15357.7  1.0
      15406.8  1.0
      15821.0  1.0
      15887.6  1.0
      15904.3  1.0
      15993.7  1.0
      16127.4  1.0
      16441.4  1.0
      16524.7  1.0
      16554.3  1.0
      16744.5  1.0
      16945.0  1.0
      17449.7  1.0
      17828.8  1.0
      17892.2  1.0
      17919.3  1.0
      18423.0  1.0
      18432.7  1.0
      18434.3  1.0
      18569.8  1.0
      18575.6  1.0
      18637.3  1.0
      19823.0  1.0
      19950.3  1.0
      19971.2  1.0
      20031.4  1.0
      20075.1  1.0
      20322.4  1.0
      20574.1  1.0
      20621.9  1.0
      20652.8  1.0
      20739.0  1.0
      20816.8  1.0
      20991.8  1.0
      21339.1  1.0
      21540.1  1.0
      22045.6  1.0
      22083.2  1.0
      22119.3  1.0
      23139.6  1.0
      23851.7  1.0
      23973.3  1.0
